<?xml version="1.0" encoding="UTF-8"?>
<!-- Generated by org.testng.reporters.JUnitReportReporter -->
<testsuite hostname="LAPTOP-1S9JIMTU" failures="0" tests="1" name="com.Actitime.Login.ValidLogin" time="7.072" errors="0" timestamp="2022-06-01T21:39:45 IST" skipped="0">
  <testcase classname="com.Actitime.Login.ValidLogin" name="validLoginTest" time="7.072"/>
  <system-out>
    <![CDATA[validLoginTest method Started
Enter Time Track Pageis Displayed, PASS
validLoginTest method PASSED]]>
  </system-out>
</testsuite> <!-- com.Actitime.Login.ValidLogin -->
